<?xml version="1.0" encoding="UTF-8"?>
<!-- Generated by org.testng.reporters.JUnitXMLReporter -->
<testsuite hostname="PMFLLT8" ignored="0" name="Test" tests="3" failures="2" timestamp="25 Sep 2018 14:34:57 GMT" time="54.589" errors="0">
  <testcase name="checkValidationMsg" time="0.691" classname="automationframework.ContactPageValidation"/>
  <testcase name="inputValues" time="0.513" classname="automationframework.ContactPageValidation">
    <failure type="java.lang.AssertionError" message="The following asserts failed:
	expected [Validation Msg is appearing] but found [false]">
      <![CDATA[java.lang.AssertionError: The following asserts failed:
expected [Validation Msg is appearing] but found [false]
at automationframework.ContactPageValidation.inputValues(ContactPageValidation.java:93)
... Removed 26 stack frames]]>
    </failure>
  </testcase> <!-- inputValues -->
  <testcase name="main" time="30.581" classname="automationframework.PerformanceTest">
    <failure type="java.lang.AssertionError" message="The following asserts failed:
	expected [Page is too slow 30574] but found [true]">
      <![CDATA[java.lang.AssertionError: The following asserts failed:
expected [Page is too slow 30574] but found [true]
at automationframework.PerformanceTest.main(PerformanceTest.java:39)
... Removed 26 stack frames]]>
    </failure>
  </testcase> <!-- main -->
</testsuite> <!-- Test -->
